Evaluate on molecule AZ138
FID score 101.2819859836793
D&C score {'precision': 0.8907692307692308, 'recall': 0.0, 'density': 0.8531538461538463, 'coverage': 0.0655980271270037}
Accuracy 0.0
Evaluate on molecule AZ258
FID score 98.563049073131
D&C score {'precision': 0.9686538461538462, 'recall': 0.0, 'density': 0.8658846153846155, 'coverage': 0.0602247191011236}
Accuracy 0.859423076923077
Evaluate on molecule DMSO
Evaluate on molecule cytochalasin B
FID score 88.68666874100126
D&C score {'precision': 0.890576923076923, 'recall': 0.0, 'density': 0.9253846153846155, 'coverage': 0.15853658536585366}
Accuracy 0.0
Evaluate on molecule taxol
FID score 119.52845417959307
D&C score {'precision': 0.9217307692307692, 'recall': 0.0, 'density': 1.0378461538461539, 'coverage': 0.2076700434153401}
Accuracy 0.10923076923076923
Evaluate on molecule vincristine
FID score 113.82265629802765
D&C score {'precision': 0.859423076923077, 'recall': 0.0, 'density': 0.9096153846153847, 'coverage': 0.07905251141552512}
Accuracy 0.0
