An NVIDIA GPU may be present on this machine, but a CUDA-enabled jaxlib is not installed. Falling back to cpu.
/home/icb/alessandro.palma/miniconda3/envs/IMPA_try/lib/python3.9/site-packages/torch/utils/data/dataloader.py:557: UserWarning: This DataLoader will create 6 worker processes in total. Our suggested max number of worker in current system is 4, which is smaller than what this DataLoader is going to create. Please be aware that excessive worker creation might get DataLoader running slow or even freeze, lower the worker number to avoid potential slowness/freeze if necessary.
  warnings.warn(_create_warning_msg(
/home/icb/alessandro.palma/miniconda3/envs/IMPA_try/lib/python3.9/site-packages/lightning_fabric/plugins/environments/slurm.py:191: The `srun` command is available on your system but is not used. HINT: If your intention is to run Lightning on SLURM, prepend your python command with `srun` like so: srun python ../IMPA/main_hydra.py config=cpg0000_total_large.yam ...
GPU available: True (cuda), used: True
TPU available: False, using: 0 TPU cores
IPU available: False, using: 0 IPUs
HPU available: False, using: 0 HPUs
/home/icb/alessandro.palma/miniconda3/envs/IMPA_try/lib/python3.9/site-packages/pytorch_lightning/trainer/configuration_validator.py:72: You passed in a `val_dataloader` but have no `validation_step`. Skipping val loop.
You are using a CUDA device ('NVIDIA A100-PCIE-40GB MIG 3g.20gb') that has Tensor Cores. To properly utilize them, you should set `torch.set_float32_matmul_precision('medium' | 'high')` which will trade-off precision for performance. For more details, read https://pytorch.org/docs/stable/generated/torch.set_float32_matmul_precision.html#torch.set_float32_matmul_precision
wandb: Currently logged in as: allepalma. Use `wandb login --relogin` to force relogin
wandb: wandb version 0.16.2 is available!  To upgrade, please run:
wandb:  $ pip install wandb --upgrade
wandb: Tracking run with wandb version 0.15.12
wandb: Run data is saved locally in ../project_folder/experiments/20240111_f2de605e-62eb-4b1c-b263-51a938a59f91_cpg0000_total_large/wandb/run-20240111_113831-yrbhji6o
wandb: Run `wandb offline` to turn off syncing.
wandb: Syncing run f2de605e-62eb-4b1c-b263-51a938a59f91
wandb: ⭐️ View project at https://wandb.ai/allepalma/cpg0000_total_large
wandb: 🚀 View run at https://wandb.ai/allepalma/cpg0000_total_large/runs/yrbhji6o
LOCAL_RANK: 0 - CUDA_VISIBLE_DEVICES: [MIG-2382491c-4ebd-549d-95f3-22945d5a8207]

  | Name             | Type         | Params
--------------------------------------------------
0 | embedding_matrix | Embedding    | 46.2 K
1 | generator        | DataParallel | 24.3 M
2 | style_encoder    | DataParallel | 14.3 M
3 | discriminator    | DataParallel | 14.5 M
4 | mapping_network  | DataParallel | 7.5 K 
--------------------------------------------------
53.2 M    Trainable params
0         Non-trainable params
53.2 M    Total params
212.956   Total estimated model params size (MB)
/home/icb/alessandro.palma/miniconda3/envs/IMPA_try/lib/python3.9/site-packages/torch/utils/data/dataloader.py:557: UserWarning: This DataLoader will create 6 worker processes in total. Our suggested max number of worker in current system is 4, which is smaller than what this DataLoader is going to create. Please be aware that excessive worker creation might get DataLoader running slow or even freeze, lower the worker number to avoid potential slowness/freeze if necessary.
  warnings.warn(_create_warning_msg(
slurmstepd: error: *** JOB 15601973 ON gpusrv33 CANCELLED AT 2024-01-11T11:39:29 ***
