GPU available: True (cuda), used: True
TPU available: False, using: 0 TPU cores
IPU available: False, using: 0 IPUs
HPU available: False, using: 0 HPUs
/home/icb/alessandro.palma/miniconda3/envs/IMPA_try/lib/python3.9/site-packages/pytorch_lightning/trainer/configuration_validator.py:72: You passed in a `val_dataloader` but have no `validation_step`. Skipping val loop.
You are using a CUDA device ('NVIDIA A100-SXM4-40GB') that has Tensor Cores. To properly utilize them, you should set `torch.set_float32_matmul_precision('medium' | 'high')` which will trade-off precision for performance. For more details, read https://pytorch.org/docs/stable/generated/torch.set_float32_matmul_precision.html#torch.set_float32_matmul_precision
wandb: Currently logged in as: allepalma. Use `wandb login --relogin` to force relogin
wandb: Tracking run with wandb version 0.15.12
wandb: Run data is saved locally in ../project_folder/experiments/20231107_bbbc021_try/wandb/run-20231107_164218-s5uay2d6
wandb: Run `wandb offline` to turn off syncing.
wandb: Syncing run morning-frog-39
wandb: ⭐️ View project at https://wandb.ai/allepalma/bbbc021_try
wandb: 🚀 View run at https://wandb.ai/allepalma/bbbc021_try/runs/s5uay2d6
LOCAL_RANK: 0 - CUDA_VISIBLE_DEVICES: [0]

  | Name             | Type         | Params
--------------------------------------------------
0 | embedding_matrix | Embedding    | 960   
1 | generator        | DataParallel | 24.3 M
2 | style_encoder    | DataParallel | 14.3 M
3 | discriminator    | DataParallel | 14.3 M
4 | mapping_network  | DataParallel | 11.3 K
--------------------------------------------------
53.0 M    Trainable params
960       Non-trainable params
53.0 M    Total params
211.840   Total estimated model params size (MB)
SLURM auto-requeueing enabled. Setting signal handlers.
wandb: Waiting for W&B process to finish... (success).
Thread SenderThread:
Traceback (most recent call last):
  File "/home/icb/alessandro.palma/miniconda3/envs/IMPA_try/lib/python3.9/site-packages/wandb/sdk/internal/internal_util.py", line 49, in run
    self._run()
  File "/home/icb/alessandro.palma/miniconda3/envs/IMPA_try/lib/python3.9/site-packages/wandb/sdk/internal/internal_util.py", line 100, in _run
    self._process(record)
  File "/home/icb/alessandro.palma/miniconda3/envs/IMPA_try/lib/python3.9/site-packages/wandb/sdk/internal/internal.py", line 328, in _process
    self._sm.send(record)
  File "/home/icb/alessandro.palma/miniconda3/envs/IMPA_try/lib/python3.9/site-packages/wandb/sdk/internal/sender.py", line 387, in send
    send_handler(record)
  File "/home/icb/alessandro.palma/miniconda3/envs/IMPA_try/lib/python3.9/site-packages/wandb/sdk/internal/sender.py", line 409, in send_request
    send_handler(record)
  File "/home/icb/alessandro.palma/miniconda3/envs/IMPA_try/lib/python3.9/site-packages/wandb/sdk/internal/sender.py", line 1146, in send_request_summary_record
    self._update_summary_record(record.request.summary_record.summary)
  File "/home/icb/alessandro.palma/miniconda3/envs/IMPA_try/lib/python3.9/site-packages/wandb/sdk/internal/sender.py", line 1140, in _update_summary_record
    self._update_summary()
  File "/home/icb/alessandro.palma/miniconda3/envs/IMPA_try/lib/python3.9/site-packages/wandb/sdk/internal/sender.py", line 1160, in _update_summary
    with open(summary_path, "w") as f:
OSError: [Errno 5] Input/output error: '../project_folder/experiments/20231107_bbbc021_try/wandb/run-20231107_164218-s5uay2d6/files/wandb-summary.json'
wandb: ERROR Internal wandb error: file data was not synced
