GPU available: False, used: False
TPU available: False, using: 0 TPU cores
IPU available: False, using: 0 IPUs
HPU available: False, using: 0 HPUs
/home/icb/alessandro.palma/miniconda3/envs/IMPA/lib/python3.9/site-packages/pytorch_lightning/trainer/configuration_validator.py:72: You passed in a `val_dataloader` but have no `validation_step`. Skipping val loop.
wandb: Currently logged in as: allepalma. Use `wandb login --relogin` to force relogin
wandb: Tracking run with wandb version 0.15.12
wandb: Run data is saved locally in ../project_folder/experiments/20231107_bbbc021_try/wandb/run-20231107_095428-te9z9epi
wandb: Run `wandb offline` to turn off syncing.
wandb: Syncing run devout-mountain-34
wandb: ⭐️ View project at https://wandb.ai/allepalma/bbbc021_try
wandb: 🚀 View run at https://wandb.ai/allepalma/bbbc021_try/runs/te9z9epi

  | Name             | Type         | Params
--------------------------------------------------
0 | embedding_matrix | Embedding    | 960   
1 | generator        | DataParallel | 24.3 M
2 | style_encoder    | DataParallel | 14.3 M
3 | discriminator    | DataParallel | 14.3 M
4 | mapping_network  | DataParallel | 11.3 K
--------------------------------------------------
53.0 M    Trainable params
960       Non-trainable params
53.0 M    Total params
211.840   Total estimated model params size (MB)
SLURM auto-requeueing enabled. Setting signal handlers.
slurmstepd: error: *** STEP 14160563.0 ON supergpu02 CANCELLED AT 2023-11-07T09:57:08 ***
slurmstepd: error: *** JOB 14160563 ON supergpu02 CANCELLED AT 2023-11-07T09:57:08 ***
srun: Job step aborted: Waiting up to 32 seconds for job step to finish.
[rank: 0] Received SIGTERM: 15
Bypassing SIGTERM: 15
submitit WARNING (2023-11-07 09:57:08,985) - Bypassing signal SIGTERM
submitit WARNING (2023-11-07 09:57:08,986) - Bypassing signal SIGCONT
wandb: Waiting for W&B process to finish... (success).
wandb: - 0.013 MB of 0.013 MB uploaded (0.000 MB deduped)wandb: \ 0.013 MB of 0.023 MB uploaded (0.000 MB deduped)wandb: | 0.023 MB of 0.023 MB uploaded (0.000 MB deduped)wandb: / 0.023 MB of 0.023 MB uploaded (0.000 MB deduped)wandb: 🚀 View run devout-mountain-34 at: https://wandb.ai/allepalma/bbbc021_try/runs/te9z9epi
wandb: Synced 6 W&B file(s), 0 media file(s), 0 artifact file(s) and 0 other file(s)
wandb: Find logs at: ../project_folder/experiments/20231107_bbbc021_try/wandb/run-20231107_095428-te9z9epi/logs
